<?xml version="1.0" encoding="UTF-8"?>
<!-- Generated by org.testng.reporters.JUnitReportReporter -->
<testsuite hostname="Girinath" failures="0" tests="4" name="com.qa.test.googleSearch" time="52.468" errors="0" timestamp="2022-09-03T16:16:42 IST" skipped="0">
  <testcase classname="com.qa.test.googleSearch" name="f" time="14.903"/>
  <system-out/>
  <testcase classname="com.qa.test.googleSearch" name="f" time="16.581"/>
  <system-out/>
  <testcase classname="com.qa.test.googleSearch" name="f" time="4.703"/>
  <system-out/>
  <testcase classname="com.qa.test.googleSearch" name="f" time="16.281"/>
  <system-out/>
</testsuite> <!-- com.qa.test.googleSearch -->
