<?xml version="1.0" encoding="UTF-8"?>
<!-- Generated by org.testng.reporters.JUnitReportReporter -->
<testsuite hostname="DESKTOP-VC088CJ" failures="0" tests="6" name="com.qa.test.OppenheimerTest" time="0.312" errors="0" timestamp="2022-09-04T14:01:13 IST" skipped="0">
  <testcase classname="com.qa.test.OppenheimerTest" name="insertSingleRecord" time="0.036"/>
  <system-out/>
  <testcase classname="com.qa.test.OppenheimerTest" name="insertMultipleRecord" time="0.168"/>
  <system-out/>
  <testcase classname="com.qa.test.OppenheimerTest" name="insertMultipleRecord" time="0.028"/>
  <system-out/>
  <testcase classname="com.qa.test.OppenheimerTest" name="insertSingleRecord" time="0.023"/>
  <system-out/>
  <testcase classname="com.qa.test.OppenheimerTest" name="insertMultipleRecord" time="0.033"/>
  <system-out/>
  <testcase classname="com.qa.test.OppenheimerTest" name="insertSingleRecord" time="0.024"/>
  <system-out/>
</testsuite> <!-- com.qa.test.OppenheimerTest -->
